{"/Users/katienelson/Dropbox/My Mac (Katies-Mac-mini.local)/Desktop/Dissertation/Moolah/src/utilities/helper.js": {"path":"/Users/katienelson/Dropbox/My Mac (Katies-Mac-mini.local)/Desktop/Dissertation/Moolah/src/utilities/helper.js","statementMap":{"0":{"start":{"line":1,"column":34},"end":{"line":7,"column":1}},"1":{"start":{"line":2,"column":17},"end":{"line":2,"column":20}},"2":{"start":{"line":3,"column":4},"end":{"line":5,"column":7}},"3":{"start":{"line":6,"column":4},"end":{"line":6,"column":17}},"4":{"start":{"line":9,"column":31},"end":{"line":11,"column":1}},"5":{"start":{"line":10,"column":4},"end":{"line":10,"column":27}},"6":{"start":{"line":13,"column":30},"end":{"line":19,"column":1}},"7":{"start":{"line":14,"column":17},"end":{"line":14,"column":19}},"8":{"start":{"line":15,"column":4},"end":{"line":15,"column":43}},"9":{"start":{"line":16,"column":4},"end":{"line":16,"column":45}},"10":{"start":{"line":17,"column":4},"end":{"line":17,"column":40}},"11":{"start":{"line":18,"column":4},"end":{"line":18,"column":17}},"12":{"start":{"line":21,"column":26},"end":{"line":23,"column":1}},"13":{"start":{"line":22,"column":4},"end":{"line":22,"column":36}},"14":{"start":{"line":25,"column":34},"end":{"line":27,"column":1}},"15":{"start":{"line":26,"column":4},"end":{"line":26,"column":26}},"16":{"start":{"line":29,"column":28},"end":{"line":31,"column":1}},"17":{"start":{"line":30,"column":4},"end":{"line":30,"column":33}},"18":{"start":{"line":33,"column":34},"end":{"line":35,"column":1}},"19":{"start":{"line":34,"column":4},"end":{"line":34,"column":41}},"20":{"start":{"line":39,"column":32},"end":{"line":48,"column":1}},"21":{"start":{"line":40,"column":14},"end":{"line":40,"column":45}},"22":{"start":{"line":41,"column":16},"end":{"line":41,"column":54}},"23":{"start":{"line":42,"column":15},"end":{"line":42,"column":63}},"24":{"start":{"line":44,"column":4},"end":{"line":44,"column":42}},"25":{"start":{"line":44,"column":26},"end":{"line":44,"column":42}},"26":{"start":{"line":45,"column":4},"end":{"line":45,"column":48}},"27":{"start":{"line":45,"column":28},"end":{"line":45,"column":48}},"28":{"start":{"line":47,"column":4},"end":{"line":47,"column":43}},"29":{"start":{"line":50,"column":37},"end":{"line":59,"column":1}},"30":{"start":{"line":51,"column":14},"end":{"line":51,"column":45}},"31":{"start":{"line":52,"column":16},"end":{"line":52,"column":54}},"32":{"start":{"line":53,"column":15},"end":{"line":53,"column":50}},"33":{"start":{"line":55,"column":4},"end":{"line":55,"column":42}},"34":{"start":{"line":55,"column":26},"end":{"line":55,"column":42}},"35":{"start":{"line":56,"column":4},"end":{"line":56,"column":48}},"36":{"start":{"line":56,"column":28},"end":{"line":56,"column":48}},"37":{"start":{"line":58,"column":4},"end":{"line":58,"column":43}},"38":{"start":{"line":61,"column":26},"end":{"line":70,"column":1}},"39":{"start":{"line":62,"column":14},"end":{"line":62,"column":39}},"40":{"start":{"line":63,"column":16},"end":{"line":63,"column":48}},"41":{"start":{"line":64,"column":15},"end":{"line":64,"column":57}},"42":{"start":{"line":66,"column":4},"end":{"line":66,"column":42}},"43":{"start":{"line":66,"column":26},"end":{"line":66,"column":42}},"44":{"start":{"line":67,"column":4},"end":{"line":67,"column":48}},"45":{"start":{"line":67,"column":28},"end":{"line":67,"column":48}},"46":{"start":{"line":69,"column":4},"end":{"line":69,"column":43}},"47":{"start":{"line":72,"column":37},"end":{"line":78,"column":1}},"48":{"start":{"line":73,"column":4},"end":{"line":73,"column":18}},"49":{"start":{"line":74,"column":4},"end":{"line":74,"column":40}},"50":{"start":{"line":75,"column":4},"end":{"line":75,"column":40}},"51":{"start":{"line":76,"column":4},"end":{"line":76,"column":33}},"52":{"start":{"line":77,"column":4},"end":{"line":77,"column":18}},"53":{"start":{"line":80,"column":32},"end":{"line":82,"column":1}},"54":{"start":{"line":81,"column":4},"end":{"line":81,"column":35}},"55":{"start":{"line":84,"column":32},"end":{"line":95,"column":1}},"56":{"start":{"line":85,"column":4},"end":{"line":94,"column":7}},"57":{"start":{"line":87,"column":10},"end":{"line":87,"column":18}},"58":{"start":{"line":89,"column":10},"end":{"line":89,"column":18}},"59":{"start":{"line":91,"column":12},"end":{"line":91,"column":20}},"60":{"start":{"line":93,"column":10},"end":{"line":93,"column":18}},"61":{"start":{"line":97,"column":31},"end":{"line":104,"column":1}},"62":{"start":{"line":98,"column":16},"end":{"line":98,"column":54}},"63":{"start":{"line":99,"column":15},"end":{"line":99,"column":50}},"64":{"start":{"line":101,"column":4},"end":{"line":101,"column":48}},"65":{"start":{"line":101,"column":28},"end":{"line":101,"column":48}},"66":{"start":{"line":103,"column":4},"end":{"line":103,"column":31}}},"fnMap":{"0":{"name":"(anonymous_0)","decl":{"start":{"line":1,"column":34},"end":{"line":1,"column":35}},"loc":{"start":{"line":1,"column":49},"end":{"line":7,"column":1}},"line":1},"1":{"name":"(anonymous_1)","decl":{"start":{"line":9,"column":31},"end":{"line":9,"column":32}},"loc":{"start":{"line":9,"column":46},"end":{"line":11,"column":1}},"line":9},"2":{"name":"(anonymous_2)","decl":{"start":{"line":13,"column":30},"end":{"line":13,"column":31}},"loc":{"start":{"line":13,"column":46},"end":{"line":19,"column":1}},"line":13},"3":{"name":"(anonymous_3)","decl":{"start":{"line":21,"column":26},"end":{"line":21,"column":27}},"loc":{"start":{"line":21,"column":47},"end":{"line":23,"column":1}},"line":21},"4":{"name":"(anonymous_4)","decl":{"start":{"line":25,"column":34},"end":{"line":25,"column":35}},"loc":{"start":{"line":25,"column":53},"end":{"line":27,"column":1}},"line":25},"5":{"name":"(anonymous_5)","decl":{"start":{"line":29,"column":28},"end":{"line":29,"column":29}},"loc":{"start":{"line":29,"column":48},"end":{"line":31,"column":1}},"line":29},"6":{"name":"(anonymous_6)","decl":{"start":{"line":33,"column":34},"end":{"line":33,"column":35}},"loc":{"start":{"line":33,"column":52},"end":{"line":35,"column":1}},"line":33},"7":{"name":"(anonymous_7)","decl":{"start":{"line":39,"column":32},"end":{"line":39,"column":33}},"loc":{"start":{"line":39,"column":38},"end":{"line":48,"column":1}},"line":39},"8":{"name":"(anonymous_8)","decl":{"start":{"line":50,"column":37},"end":{"line":50,"column":38}},"loc":{"start":{"line":50,"column":43},"end":{"line":59,"column":1}},"line":50},"9":{"name":"(anonymous_9)","decl":{"start":{"line":61,"column":26},"end":{"line":61,"column":27}},"loc":{"start":{"line":61,"column":36},"end":{"line":70,"column":1}},"line":61},"10":{"name":"(anonymous_10)","decl":{"start":{"line":72,"column":37},"end":{"line":72,"column":38}},"loc":{"start":{"line":72,"column":47},"end":{"line":78,"column":1}},"line":72},"11":{"name":"(anonymous_11)","decl":{"start":{"line":80,"column":32},"end":{"line":80,"column":33}},"loc":{"start":{"line":80,"column":44},"end":{"line":82,"column":1}},"line":80},"12":{"name":"(anonymous_12)","decl":{"start":{"line":84,"column":32},"end":{"line":84,"column":33}},"loc":{"start":{"line":84,"column":50},"end":{"line":95,"column":1}},"line":84},"13":{"name":"(anonymous_13)","decl":{"start":{"line":97,"column":31},"end":{"line":97,"column":32}},"loc":{"start":{"line":97,"column":37},"end":{"line":104,"column":1}},"line":97}},"branchMap":{"0":{"loc":{"start":{"line":44,"column":4},"end":{"line":44,"column":42}},"type":"if","locations":[{"start":{"line":44,"column":4},"end":{"line":44,"column":42}},{"start":{"line":44,"column":4},"end":{"line":44,"column":42}}],"line":44},"1":{"loc":{"start":{"line":45,"column":4},"end":{"line":45,"column":48}},"type":"if","locations":[{"start":{"line":45,"column":4},"end":{"line":45,"column":48}},{"start":{"line":45,"column":4},"end":{"line":45,"column":48}}],"line":45},"2":{"loc":{"start":{"line":55,"column":4},"end":{"line":55,"column":42}},"type":"if","locations":[{"start":{"line":55,"column":4},"end":{"line":55,"column":42}},{"start":{"line":55,"column":4},"end":{"line":55,"column":42}}],"line":55},"3":{"loc":{"start":{"line":56,"column":4},"end":{"line":56,"column":48}},"type":"if","locations":[{"start":{"line":56,"column":4},"end":{"line":56,"column":48}},{"start":{"line":56,"column":4},"end":{"line":56,"column":48}}],"line":56},"4":{"loc":{"start":{"line":66,"column":4},"end":{"line":66,"column":42}},"type":"if","locations":[{"start":{"line":66,"column":4},"end":{"line":66,"column":42}},{"start":{"line":66,"column":4},"end":{"line":66,"column":42}}],"line":66},"5":{"loc":{"start":{"line":67,"column":4},"end":{"line":67,"column":48}},"type":"if","locations":[{"start":{"line":67,"column":4},"end":{"line":67,"column":48}},{"start":{"line":67,"column":4},"end":{"line":67,"column":48}}],"line":67},"6":{"loc":{"start":{"line":85,"column":4},"end":{"line":94,"column":7}},"type":"switch","locations":[{"start":{"line":86,"column":8},"end":{"line":87,"column":18}},{"start":{"line":88,"column":8},"end":{"line":89,"column":18}},{"start":{"line":90,"column":8},"end":{"line":91,"column":20}},{"start":{"line":92,"column":8},"end":{"line":93,"column":18}}],"line":85},"7":{"loc":{"start":{"line":101,"column":4},"end":{"line":101,"column":48}},"type":"if","locations":[{"start":{"line":101,"column":4},"end":{"line":101,"column":48}},{"start":{"line":101,"column":4},"end":{"line":101,"column":48}}],"line":101}},"s":{"0":1,"1":6,"2":6,"3":6,"4":1,"5":3,"6":1,"7":2,"8":2,"9":2,"10":2,"11":2,"12":1,"13":1,"14":1,"15":1,"16":1,"17":1,"18":1,"19":1,"20":1,"21":1,"22":1,"23":1,"24":1,"25":0,"26":1,"27":1,"28":1,"29":1,"30":1,"31":1,"32":1,"33":1,"34":0,"35":1,"36":1,"37":1,"38":1,"39":0,"40":0,"41":0,"42":0,"43":0,"44":0,"45":0,"46":0,"47":1,"48":1,"49":1,"50":1,"51":1,"52":1,"53":1,"54":12,"55":1,"56":5,"57":1,"58":1,"59":1,"60":2,"61":1,"62":1,"63":1,"64":1,"65":1,"66":1},"f":{"0":6,"1":3,"2":2,"3":1,"4":1,"5":1,"6":1,"7":1,"8":1,"9":0,"10":1,"11":12,"12":5,"13":1},"b":{"0":[0,1],"1":[1,0],"2":[0,1],"3":[1,0],"4":[0,0],"5":[0,0],"6":[1,1,1,2],"7":[1,0]},"_coverageSchema":"1a1c01bbd47fc00a2c39e90264f33305004495a9","hash":"e85eb77259d83f4ff32bb570486ebc4634c5c8ea"}
}
