{"/Users/katienelson/Dropbox/My Mac (Katies-Mac-mini.local)/Desktop/Dissertation/Moolah/src/utilities/helper.js": {"path":"/Users/katienelson/Dropbox/My Mac (Katies-Mac-mini.local)/Desktop/Dissertation/Moolah/src/utilities/helper.js","statementMap":{"0":{"start":{"line":1,"column":34},"end":{"line":5,"column":1}},"1":{"start":{"line":2,"column":17},"end":{"line":2,"column":20}},"2":{"start":{"line":3,"column":4},"end":{"line":3,"column":91}},"3":{"start":{"line":4,"column":4},"end":{"line":4,"column":18}},"4":{"start":{"line":7,"column":31},"end":{"line":9,"column":1}},"5":{"start":{"line":8,"column":4},"end":{"line":8,"column":27}},"6":{"start":{"line":11,"column":30},"end":{"line":17,"column":1}},"7":{"start":{"line":12,"column":17},"end":{"line":12,"column":19}},"8":{"start":{"line":13,"column":4},"end":{"line":13,"column":44}},"9":{"start":{"line":14,"column":4},"end":{"line":14,"column":46}},"10":{"start":{"line":15,"column":4},"end":{"line":15,"column":41}},"11":{"start":{"line":16,"column":4},"end":{"line":16,"column":18}},"12":{"start":{"line":19,"column":26},"end":{"line":21,"column":1}},"13":{"start":{"line":20,"column":4},"end":{"line":20,"column":36}},"14":{"start":{"line":23,"column":34},"end":{"line":25,"column":1}},"15":{"start":{"line":24,"column":4},"end":{"line":24,"column":26}},"16":{"start":{"line":27,"column":28},"end":{"line":29,"column":1}},"17":{"start":{"line":28,"column":4},"end":{"line":28,"column":58}},"18":{"start":{"line":31,"column":34},"end":{"line":33,"column":1}},"19":{"start":{"line":32,"column":4},"end":{"line":32,"column":41}},"20":{"start":{"line":35,"column":36},"end":{"line":44,"column":1}},"21":{"start":{"line":36,"column":14},"end":{"line":36,"column":45}},"22":{"start":{"line":37,"column":16},"end":{"line":37,"column":54}},"23":{"start":{"line":38,"column":15},"end":{"line":38,"column":50}},"24":{"start":{"line":40,"column":4},"end":{"line":40,"column":42}},"25":{"start":{"line":40,"column":26},"end":{"line":40,"column":42}},"26":{"start":{"line":41,"column":4},"end":{"line":41,"column":48}},"27":{"start":{"line":41,"column":28},"end":{"line":41,"column":48}},"28":{"start":{"line":43,"column":4},"end":{"line":43,"column":44}},"29":{"start":{"line":46,"column":37},"end":{"line":55,"column":1}},"30":{"start":{"line":47,"column":14},"end":{"line":47,"column":45}},"31":{"start":{"line":48,"column":16},"end":{"line":48,"column":54}},"32":{"start":{"line":49,"column":15},"end":{"line":49,"column":50}},"33":{"start":{"line":51,"column":4},"end":{"line":51,"column":42}},"34":{"start":{"line":51,"column":26},"end":{"line":51,"column":42}},"35":{"start":{"line":52,"column":4},"end":{"line":52,"column":48}},"36":{"start":{"line":52,"column":28},"end":{"line":52,"column":48}},"37":{"start":{"line":54,"column":4},"end":{"line":54,"column":44}},"38":{"start":{"line":57,"column":26},"end":{"line":66,"column":1}},"39":{"start":{"line":58,"column":14},"end":{"line":58,"column":39}},"40":{"start":{"line":59,"column":16},"end":{"line":59,"column":48}},"41":{"start":{"line":60,"column":15},"end":{"line":60,"column":57}},"42":{"start":{"line":62,"column":4},"end":{"line":62,"column":42}},"43":{"start":{"line":62,"column":26},"end":{"line":62,"column":42}},"44":{"start":{"line":63,"column":4},"end":{"line":63,"column":48}},"45":{"start":{"line":63,"column":28},"end":{"line":63,"column":48}},"46":{"start":{"line":65,"column":4},"end":{"line":65,"column":44}},"47":{"start":{"line":69,"column":33},"end":{"line":78,"column":1}},"48":{"start":{"line":70,"column":14},"end":{"line":70,"column":39}},"49":{"start":{"line":71,"column":16},"end":{"line":71,"column":48}},"50":{"start":{"line":72,"column":15},"end":{"line":72,"column":44}},"51":{"start":{"line":74,"column":4},"end":{"line":74,"column":42}},"52":{"start":{"line":74,"column":26},"end":{"line":74,"column":42}},"53":{"start":{"line":75,"column":4},"end":{"line":75,"column":48}},"54":{"start":{"line":75,"column":28},"end":{"line":75,"column":48}},"55":{"start":{"line":77,"column":4},"end":{"line":77,"column":44}},"56":{"start":{"line":80,"column":37},"end":{"line":86,"column":1}},"57":{"start":{"line":81,"column":4},"end":{"line":81,"column":18}},"58":{"start":{"line":82,"column":4},"end":{"line":82,"column":40}},"59":{"start":{"line":83,"column":4},"end":{"line":83,"column":40}},"60":{"start":{"line":84,"column":4},"end":{"line":84,"column":34}},"61":{"start":{"line":85,"column":4},"end":{"line":85,"column":18}},"62":{"start":{"line":88,"column":32},"end":{"line":90,"column":1}},"63":{"start":{"line":89,"column":4},"end":{"line":89,"column":36}},"64":{"start":{"line":92,"column":32},"end":{"line":103,"column":1}},"65":{"start":{"line":93,"column":4},"end":{"line":102,"column":7}},"66":{"start":{"line":95,"column":10},"end":{"line":95,"column":18}},"67":{"start":{"line":97,"column":10},"end":{"line":97,"column":18}},"68":{"start":{"line":99,"column":12},"end":{"line":99,"column":20}},"69":{"start":{"line":101,"column":10},"end":{"line":101,"column":18}},"70":{"start":{"line":105,"column":31},"end":{"line":112,"column":1}},"71":{"start":{"line":106,"column":16},"end":{"line":106,"column":54}},"72":{"start":{"line":107,"column":15},"end":{"line":107,"column":50}},"73":{"start":{"line":109,"column":4},"end":{"line":109,"column":48}},"74":{"start":{"line":109,"column":28},"end":{"line":109,"column":48}},"75":{"start":{"line":111,"column":4},"end":{"line":111,"column":32}},"76":{"start":{"line":114,"column":28},"end":{"line":159,"column":1}},"77":{"start":{"line":115,"column":18},"end":{"line":115,"column":38}},"78":{"start":{"line":116,"column":21},"end":{"line":116,"column":23}},"79":{"start":{"line":117,"column":4},"end":{"line":157,"column":7}},"80":{"start":{"line":119,"column":12},"end":{"line":119,"column":35}},"81":{"start":{"line":120,"column":10},"end":{"line":120,"column":16}},"82":{"start":{"line":122,"column":12},"end":{"line":122,"column":36}},"83":{"start":{"line":123,"column":12},"end":{"line":123,"column":18}},"84":{"start":{"line":125,"column":12},"end":{"line":125,"column":33}},"85":{"start":{"line":126,"column":12},"end":{"line":126,"column":18}},"86":{"start":{"line":128,"column":12},"end":{"line":128,"column":33}},"87":{"start":{"line":129,"column":12},"end":{"line":129,"column":18}},"88":{"start":{"line":131,"column":12},"end":{"line":131,"column":31}},"89":{"start":{"line":132,"column":12},"end":{"line":132,"column":18}},"90":{"start":{"line":134,"column":12},"end":{"line":134,"column":32}},"91":{"start":{"line":135,"column":12},"end":{"line":135,"column":18}},"92":{"start":{"line":137,"column":12},"end":{"line":137,"column":32}},"93":{"start":{"line":138,"column":12},"end":{"line":138,"column":18}},"94":{"start":{"line":140,"column":12},"end":{"line":140,"column":34}},"95":{"start":{"line":141,"column":12},"end":{"line":141,"column":18}},"96":{"start":{"line":143,"column":12},"end":{"line":143,"column":37}},"97":{"start":{"line":144,"column":12},"end":{"line":144,"column":18}},"98":{"start":{"line":146,"column":12},"end":{"line":146,"column":35}},"99":{"start":{"line":147,"column":12},"end":{"line":147,"column":18}},"100":{"start":{"line":149,"column":12},"end":{"line":149,"column":36}},"101":{"start":{"line":150,"column":12},"end":{"line":150,"column":18}},"102":{"start":{"line":152,"column":12},"end":{"line":152,"column":36}},"103":{"start":{"line":153,"column":12},"end":{"line":153,"column":18}},"104":{"start":{"line":155,"column":12},"end":{"line":155,"column":32}},"105":{"start":{"line":156,"column":12},"end":{"line":156,"column":18}},"106":{"start":{"line":158,"column":6},"end":{"line":158,"column":54}},"107":{"start":{"line":161,"column":37},"end":{"line":178,"column":1}},"108":{"start":{"line":162,"column":25},"end":{"line":162,"column":42}},"109":{"start":{"line":163,"column":21},"end":{"line":165,"column":59}},"110":{"start":{"line":164,"column":23},"end":{"line":164,"column":74}},"111":{"start":{"line":165,"column":24},"end":{"line":165,"column":58}},"112":{"start":{"line":166,"column":19},"end":{"line":166,"column":21}},"113":{"start":{"line":167,"column":4},"end":{"line":176,"column":7}},"114":{"start":{"line":168,"column":21},"end":{"line":168,"column":45}},"115":{"start":{"line":169,"column":21},"end":{"line":169,"column":67}},"116":{"start":{"line":169,"column":44},"end":{"line":169,"column":66}},"117":{"start":{"line":170,"column":8},"end":{"line":175,"column":9}},"118":{"start":{"line":171,"column":12},"end":{"line":171,"column":40}},"119":{"start":{"line":172,"column":12},"end":{"line":172,"column":32}},"120":{"start":{"line":174,"column":12},"end":{"line":174,"column":70}},"121":{"start":{"line":177,"column":4},"end":{"line":177,"column":18}},"122":{"start":{"line":182,"column":29},"end":{"line":191,"column":1}},"123":{"start":{"line":183,"column":18},"end":{"line":183,"column":40}},"124":{"start":{"line":184,"column":16},"end":{"line":184,"column":17}},"125":{"start":{"line":185,"column":4},"end":{"line":189,"column":7}},"126":{"start":{"line":186,"column":8},"end":{"line":188,"column":9}},"127":{"start":{"line":187,"column":12},"end":{"line":187,"column":20}},"128":{"start":{"line":190,"column":4},"end":{"line":190,"column":17}},"129":{"start":{"line":193,"column":30},"end":{"line":198,"column":1}},"130":{"start":{"line":194,"column":4},"end":{"line":197,"column":56}},"131":{"start":{"line":194,"column":38},"end":{"line":195,"column":41}},"132":{"start":{"line":196,"column":20},"end":{"line":196,"column":37}},"133":{"start":{"line":197,"column":20},"end":{"line":197,"column":54}},"134":{"start":{"line":200,"column":30},"end":{"line":205,"column":1}},"135":{"start":{"line":201,"column":4},"end":{"line":204,"column":56}},"136":{"start":{"line":201,"column":38},"end":{"line":202,"column":63}},"137":{"start":{"line":203,"column":20},"end":{"line":203,"column":37}},"138":{"start":{"line":204,"column":20},"end":{"line":204,"column":54}},"139":{"start":{"line":207,"column":29},"end":{"line":209,"column":1}},"140":{"start":{"line":208,"column":4},"end":{"line":208,"column":67}},"141":{"start":{"line":208,"column":31},"end":{"line":208,"column":65}},"142":{"start":{"line":211,"column":23},"end":{"line":213,"column":1}},"143":{"start":{"line":212,"column":4},"end":{"line":212,"column":74}},"144":{"start":{"line":212,"column":26},"end":{"line":212,"column":72}}},"fnMap":{"0":{"name":"(anonymous_0)","decl":{"start":{"line":1,"column":34},"end":{"line":1,"column":35}},"loc":{"start":{"line":1,"column":49},"end":{"line":5,"column":1}},"line":1},"1":{"name":"(anonymous_1)","decl":{"start":{"line":7,"column":31},"end":{"line":7,"column":32}},"loc":{"start":{"line":7,"column":46},"end":{"line":9,"column":1}},"line":7},"2":{"name":"(anonymous_2)","decl":{"start":{"line":11,"column":30},"end":{"line":11,"column":31}},"loc":{"start":{"line":11,"column":46},"end":{"line":17,"column":1}},"line":11},"3":{"name":"(anonymous_3)","decl":{"start":{"line":19,"column":26},"end":{"line":19,"column":27}},"loc":{"start":{"line":19,"column":47},"end":{"line":21,"column":1}},"line":19},"4":{"name":"(anonymous_4)","decl":{"start":{"line":23,"column":34},"end":{"line":23,"column":35}},"loc":{"start":{"line":23,"column":53},"end":{"line":25,"column":1}},"line":23},"5":{"name":"(anonymous_5)","decl":{"start":{"line":27,"column":28},"end":{"line":27,"column":29}},"loc":{"start":{"line":27,"column":48},"end":{"line":29,"column":1}},"line":27},"6":{"name":"(anonymous_6)","decl":{"start":{"line":31,"column":34},"end":{"line":31,"column":35}},"loc":{"start":{"line":31,"column":52},"end":{"line":33,"column":1}},"line":31},"7":{"name":"(anonymous_7)","decl":{"start":{"line":35,"column":36},"end":{"line":35,"column":37}},"loc":{"start":{"line":35,"column":42},"end":{"line":44,"column":1}},"line":35},"8":{"name":"(anonymous_8)","decl":{"start":{"line":46,"column":37},"end":{"line":46,"column":38}},"loc":{"start":{"line":46,"column":43},"end":{"line":55,"column":1}},"line":46},"9":{"name":"(anonymous_9)","decl":{"start":{"line":57,"column":26},"end":{"line":57,"column":27}},"loc":{"start":{"line":57,"column":36},"end":{"line":66,"column":1}},"line":57},"10":{"name":"(anonymous_10)","decl":{"start":{"line":69,"column":33},"end":{"line":69,"column":34}},"loc":{"start":{"line":69,"column":43},"end":{"line":78,"column":1}},"line":69},"11":{"name":"(anonymous_11)","decl":{"start":{"line":80,"column":37},"end":{"line":80,"column":38}},"loc":{"start":{"line":80,"column":47},"end":{"line":86,"column":1}},"line":80},"12":{"name":"(anonymous_12)","decl":{"start":{"line":88,"column":32},"end":{"line":88,"column":33}},"loc":{"start":{"line":88,"column":44},"end":{"line":90,"column":1}},"line":88},"13":{"name":"(anonymous_13)","decl":{"start":{"line":92,"column":32},"end":{"line":92,"column":33}},"loc":{"start":{"line":92,"column":50},"end":{"line":103,"column":1}},"line":92},"14":{"name":"(anonymous_14)","decl":{"start":{"line":105,"column":31},"end":{"line":105,"column":32}},"loc":{"start":{"line":105,"column":37},"end":{"line":112,"column":1}},"line":105},"15":{"name":"(anonymous_15)","decl":{"start":{"line":114,"column":28},"end":{"line":114,"column":29}},"loc":{"start":{"line":114,"column":38},"end":{"line":159,"column":1}},"line":114},"16":{"name":"(anonymous_16)","decl":{"start":{"line":161,"column":37},"end":{"line":161,"column":38}},"loc":{"start":{"line":161,"column":47},"end":{"line":178,"column":1}},"line":161},"17":{"name":"(anonymous_17)","decl":{"start":{"line":164,"column":8},"end":{"line":164,"column":9}},"loc":{"start":{"line":164,"column":23},"end":{"line":164,"column":74}},"line":164},"18":{"name":"(anonymous_18)","decl":{"start":{"line":165,"column":14},"end":{"line":165,"column":15}},"loc":{"start":{"line":165,"column":24},"end":{"line":165,"column":58}},"line":165},"19":{"name":"(anonymous_19)","decl":{"start":{"line":167,"column":21},"end":{"line":167,"column":22}},"loc":{"start":{"line":167,"column":26},"end":{"line":176,"column":5}},"line":167},"20":{"name":"(anonymous_20)","decl":{"start":{"line":169,"column":33},"end":{"line":169,"column":34}},"loc":{"start":{"line":169,"column":44},"end":{"line":169,"column":66}},"line":169},"21":{"name":"(anonymous_21)","decl":{"start":{"line":182,"column":29},"end":{"line":182,"column":30}},"loc":{"start":{"line":182,"column":39},"end":{"line":191,"column":1}},"line":182},"22":{"name":"(anonymous_22)","decl":{"start":{"line":185,"column":17},"end":{"line":185,"column":18}},"loc":{"start":{"line":185,"column":28},"end":{"line":189,"column":5}},"line":185},"23":{"name":"(anonymous_23)","decl":{"start":{"line":193,"column":30},"end":{"line":193,"column":31}},"loc":{"start":{"line":193,"column":40},"end":{"line":198,"column":1}},"line":193},"24":{"name":"(anonymous_24)","decl":{"start":{"line":194,"column":23},"end":{"line":194,"column":24}},"loc":{"start":{"line":194,"column":38},"end":{"line":195,"column":41}},"line":194},"25":{"name":"(anonymous_25)","decl":{"start":{"line":196,"column":10},"end":{"line":196,"column":11}},"loc":{"start":{"line":196,"column":20},"end":{"line":196,"column":37}},"line":196},"26":{"name":"(anonymous_26)","decl":{"start":{"line":197,"column":10},"end":{"line":197,"column":11}},"loc":{"start":{"line":197,"column":20},"end":{"line":197,"column":54}},"line":197},"27":{"name":"(anonymous_27)","decl":{"start":{"line":200,"column":30},"end":{"line":200,"column":31}},"loc":{"start":{"line":200,"column":50},"end":{"line":205,"column":1}},"line":200},"28":{"name":"(anonymous_28)","decl":{"start":{"line":201,"column":23},"end":{"line":201,"column":24}},"loc":{"start":{"line":201,"column":38},"end":{"line":202,"column":63}},"line":201},"29":{"name":"(anonymous_29)","decl":{"start":{"line":203,"column":10},"end":{"line":203,"column":11}},"loc":{"start":{"line":203,"column":20},"end":{"line":203,"column":37}},"line":203},"30":{"name":"(anonymous_30)","decl":{"start":{"line":204,"column":10},"end":{"line":204,"column":11}},"loc":{"start":{"line":204,"column":20},"end":{"line":204,"column":54}},"line":204},"31":{"name":"(anonymous_31)","decl":{"start":{"line":207,"column":29},"end":{"line":207,"column":30}},"loc":{"start":{"line":207,"column":47},"end":{"line":209,"column":1}},"line":207},"32":{"name":"(anonymous_32)","decl":{"start":{"line":208,"column":21},"end":{"line":208,"column":22}},"loc":{"start":{"line":208,"column":31},"end":{"line":208,"column":65}},"line":208},"33":{"name":"(anonymous_33)","decl":{"start":{"line":211,"column":23},"end":{"line":211,"column":24}},"loc":{"start":{"line":211,"column":39},"end":{"line":213,"column":1}},"line":211},"34":{"name":"(anonymous_34)","decl":{"start":{"line":212,"column":21},"end":{"line":212,"column":22}},"loc":{"start":{"line":212,"column":26},"end":{"line":212,"column":72}},"line":212}},"branchMap":{"0":{"loc":{"start":{"line":40,"column":4},"end":{"line":40,"column":42}},"type":"if","locations":[{"start":{"line":40,"column":4},"end":{"line":40,"column":42}},{"start":{"line":40,"column":4},"end":{"line":40,"column":42}}],"line":40},"1":{"loc":{"start":{"line":41,"column":4},"end":{"line":41,"column":48}},"type":"if","locations":[{"start":{"line":41,"column":4},"end":{"line":41,"column":48}},{"start":{"line":41,"column":4},"end":{"line":41,"column":48}}],"line":41},"2":{"loc":{"start":{"line":51,"column":4},"end":{"line":51,"column":42}},"type":"if","locations":[{"start":{"line":51,"column":4},"end":{"line":51,"column":42}},{"start":{"line":51,"column":4},"end":{"line":51,"column":42}}],"line":51},"3":{"loc":{"start":{"line":52,"column":4},"end":{"line":52,"column":48}},"type":"if","locations":[{"start":{"line":52,"column":4},"end":{"line":52,"column":48}},{"start":{"line":52,"column":4},"end":{"line":52,"column":48}}],"line":52},"4":{"loc":{"start":{"line":62,"column":4},"end":{"line":62,"column":42}},"type":"if","locations":[{"start":{"line":62,"column":4},"end":{"line":62,"column":42}},{"start":{"line":62,"column":4},"end":{"line":62,"column":42}}],"line":62},"5":{"loc":{"start":{"line":63,"column":4},"end":{"line":63,"column":48}},"type":"if","locations":[{"start":{"line":63,"column":4},"end":{"line":63,"column":48}},{"start":{"line":63,"column":4},"end":{"line":63,"column":48}}],"line":63},"6":{"loc":{"start":{"line":74,"column":4},"end":{"line":74,"column":42}},"type":"if","locations":[{"start":{"line":74,"column":4},"end":{"line":74,"column":42}},{"start":{"line":74,"column":4},"end":{"line":74,"column":42}}],"line":74},"7":{"loc":{"start":{"line":75,"column":4},"end":{"line":75,"column":48}},"type":"if","locations":[{"start":{"line":75,"column":4},"end":{"line":75,"column":48}},{"start":{"line":75,"column":4},"end":{"line":75,"column":48}}],"line":75},"8":{"loc":{"start":{"line":93,"column":4},"end":{"line":102,"column":7}},"type":"switch","locations":[{"start":{"line":94,"column":8},"end":{"line":95,"column":18}},{"start":{"line":96,"column":8},"end":{"line":97,"column":18}},{"start":{"line":98,"column":8},"end":{"line":99,"column":20}},{"start":{"line":100,"column":8},"end":{"line":101,"column":18}}],"line":93},"9":{"loc":{"start":{"line":109,"column":4},"end":{"line":109,"column":48}},"type":"if","locations":[{"start":{"line":109,"column":4},"end":{"line":109,"column":48}},{"start":{"line":109,"column":4},"end":{"line":109,"column":48}}],"line":109},"10":{"loc":{"start":{"line":117,"column":4},"end":{"line":157,"column":7}},"type":"switch","locations":[{"start":{"line":118,"column":8},"end":{"line":120,"column":16}},{"start":{"line":121,"column":8},"end":{"line":123,"column":18}},{"start":{"line":124,"column":8},"end":{"line":126,"column":18}},{"start":{"line":127,"column":8},"end":{"line":129,"column":18}},{"start":{"line":130,"column":8},"end":{"line":132,"column":18}},{"start":{"line":133,"column":8},"end":{"line":135,"column":18}},{"start":{"line":136,"column":8},"end":{"line":138,"column":18}},{"start":{"line":139,"column":8},"end":{"line":141,"column":18}},{"start":{"line":142,"column":8},"end":{"line":144,"column":18}},{"start":{"line":145,"column":8},"end":{"line":147,"column":18}},{"start":{"line":148,"column":8},"end":{"line":150,"column":18}},{"start":{"line":151,"column":8},"end":{"line":153,"column":18}},{"start":{"line":154,"column":8},"end":{"line":156,"column":18}}],"line":117},"11":{"loc":{"start":{"line":170,"column":8},"end":{"line":175,"column":9}},"type":"if","locations":[{"start":{"line":170,"column":8},"end":{"line":175,"column":9}},{"start":{"line":170,"column":8},"end":{"line":175,"column":9}}],"line":170},"12":{"loc":{"start":{"line":186,"column":8},"end":{"line":188,"column":9}},"type":"if","locations":[{"start":{"line":186,"column":8},"end":{"line":188,"column":9}},{"start":{"line":186,"column":8},"end":{"line":188,"column":9}}],"line":186},"13":{"loc":{"start":{"line":186,"column":12},"end":{"line":186,"column":60}},"type":"binary-expr","locations":[{"start":{"line":186,"column":12},"end":{"line":186,"column":36}},{"start":{"line":186,"column":40},"end":{"line":186,"column":60}}],"line":186},"14":{"loc":{"start":{"line":201,"column":38},"end":{"line":202,"column":63}},"type":"binary-expr","locations":[{"start":{"line":201,"column":38},"end":{"line":201,"column":79}},{"start":{"line":202,"column":7},"end":{"line":202,"column":63}}],"line":201}},"s":{"0":1,"1":6,"2":6,"3":6,"4":1,"5":3,"6":1,"7":3,"8":3,"9":3,"10":3,"11":3,"12":1,"13":4,"14":1,"15":4,"16":1,"17":4,"18":1,"19":4,"20":1,"21":4,"22":4,"23":4,"24":4,"25":4,"26":4,"27":4,"28":4,"29":1,"30":1,"31":1,"32":1,"33":1,"34":1,"35":1,"36":1,"37":1,"38":1,"39":1,"40":1,"41":1,"42":1,"43":1,"44":1,"45":1,"46":1,"47":1,"48":1,"49":1,"50":1,"51":1,"52":1,"53":1,"54":1,"55":1,"56":1,"57":5,"58":5,"59":5,"60":5,"61":5,"62":1,"63":12,"64":1,"65":5,"66":1,"67":1,"68":1,"69":2,"70":1,"71":16,"72":16,"73":16,"74":16,"75":16,"76":1,"77":13,"78":13,"79":13,"80":1,"81":1,"82":1,"83":1,"84":1,"85":1,"86":1,"87":1,"88":1,"89":1,"90":1,"91":1,"92":1,"93":1,"94":1,"95":1,"96":1,"97":1,"98":1,"99":1,"100":1,"101":1,"102":1,"103":1,"104":1,"105":1,"106":13,"107":1,"108":1,"109":1,"110":3,"111":2,"112":1,"113":1,"114":3,"115":3,"116":3,"117":3,"118":1,"119":1,"120":2,"121":1,"122":1,"123":3,"124":3,"125":3,"126":12,"127":4,"128":3,"129":1,"130":1,"131":7,"132":4,"133":8,"134":1,"135":3,"136":21,"137":2,"138":2,"139":1,"140":3,"141":17,"142":1,"143":3,"144":14},"f":{"0":6,"1":3,"2":3,"3":4,"4":4,"5":4,"6":4,"7":4,"8":1,"9":1,"10":1,"11":5,"12":12,"13":5,"14":16,"15":13,"16":1,"17":3,"18":2,"19":3,"20":3,"21":3,"22":12,"23":1,"24":7,"25":4,"26":8,"27":3,"28":21,"29":2,"30":2,"31":3,"32":17,"33":3,"34":14},"b":{"0":[4,0],"1":[4,0],"2":[1,0],"3":[1,0],"4":[1,0],"5":[1,0],"6":[1,0],"7":[1,0],"8":[1,1,1,2],"9":[16,0],"10":[1,1,1,1,1,1,1,1,1,1,1,1,1],"11":[1,2],"12":[4,8],"13":[12,9],"14":[21,7]},"_coverageSchema":"1a1c01bbd47fc00a2c39e90264f33305004495a9","hash":"7df0a2f7f0ec7748093809ed069f20a99ae71ff6"}
}
