TN:
SF:src/utilities/helper.js
FN:1,(anonymous_0)
FN:7,(anonymous_1)
FN:11,(anonymous_2)
FN:19,(anonymous_3)
FN:23,(anonymous_4)
FN:27,(anonymous_5)
FN:31,(anonymous_6)
FN:35,(anonymous_7)
FN:46,(anonymous_8)
FN:57,(anonymous_9)
FN:69,(anonymous_10)
FN:80,(anonymous_11)
FN:88,(anonymous_12)
FN:92,(anonymous_13)
FN:105,(anonymous_14)
FN:114,(anonymous_15)
FN:161,(anonymous_16)
FN:164,(anonymous_17)
FN:165,(anonymous_18)
FN:167,(anonymous_19)
FN:169,(anonymous_20)
FN:182,(anonymous_21)
FN:185,(anonymous_22)
FN:193,(anonymous_23)
FN:194,(anonymous_24)
FN:196,(anonymous_25)
FN:197,(anonymous_26)
FN:200,(anonymous_27)
FN:201,(anonymous_28)
FN:203,(anonymous_29)
FN:204,(anonymous_30)
FN:207,(anonymous_31)
FN:208,(anonymous_32)
FN:211,(anonymous_33)
FN:212,(anonymous_34)
FNF:35
FNH:35
FNDA:6,(anonymous_0)
FNDA:3,(anonymous_1)
FNDA:3,(anonymous_2)
FNDA:4,(anonymous_3)
FNDA:4,(anonymous_4)
FNDA:4,(anonymous_5)
FNDA:4,(anonymous_6)
FNDA:4,(anonymous_7)
FNDA:1,(anonymous_8)
FNDA:1,(anonymous_9)
FNDA:1,(anonymous_10)
FNDA:5,(anonymous_11)
FNDA:12,(anonymous_12)
FNDA:5,(anonymous_13)
FNDA:16,(anonymous_14)
FNDA:13,(anonymous_15)
FNDA:1,(anonymous_16)
FNDA:3,(anonymous_17)
FNDA:2,(anonymous_18)
FNDA:3,(anonymous_19)
FNDA:3,(anonymous_20)
FNDA:3,(anonymous_21)
FNDA:12,(anonymous_22)
FNDA:1,(anonymous_23)
FNDA:7,(anonymous_24)
FNDA:4,(anonymous_25)
FNDA:8,(anonymous_26)
FNDA:3,(anonymous_27)
FNDA:21,(anonymous_28)
FNDA:2,(anonymous_29)
FNDA:2,(anonymous_30)
FNDA:3,(anonymous_31)
FNDA:17,(anonymous_32)
FNDA:3,(anonymous_33)
FNDA:14,(anonymous_34)
DA:1,1
DA:2,6
DA:3,6
DA:4,6
DA:7,1
DA:8,3
DA:11,1
DA:12,3
DA:13,3
DA:14,3
DA:15,3
DA:16,3
DA:19,1
DA:20,4
DA:23,1
DA:24,4
DA:27,1
DA:28,4
DA:31,1
DA:32,4
DA:35,1
DA:36,4
DA:37,4
DA:38,4
DA:40,4
DA:41,4
DA:43,4
DA:46,1
DA:47,1
DA:48,1
DA:49,1
DA:51,1
DA:52,1
DA:54,1
DA:57,1
DA:58,1
DA:59,1
DA:60,1
DA:62,1
DA:63,1
DA:65,1
DA:69,1
DA:70,1
DA:71,1
DA:72,1
DA:74,1
DA:75,1
DA:77,1
DA:80,1
DA:81,5
DA:82,5
DA:83,5
DA:84,5
DA:85,5
DA:88,1
DA:89,12
DA:92,1
DA:93,5
DA:95,1
DA:97,1
DA:99,1
DA:101,2
DA:105,1
DA:106,16
DA:107,16
DA:109,16
DA:111,16
DA:114,1
DA:115,13
DA:116,13
DA:117,13
DA:119,1
DA:120,1
DA:122,1
DA:123,1
DA:125,1
DA:126,1
DA:128,1
DA:129,1
DA:131,1
DA:132,1
DA:134,1
DA:135,1
DA:137,1
DA:138,1
DA:140,1
DA:141,1
DA:143,1
DA:144,1
DA:146,1
DA:147,1
DA:149,1
DA:150,1
DA:152,1
DA:153,1
DA:155,1
DA:156,1
DA:158,13
DA:161,1
DA:162,1
DA:163,1
DA:164,3
DA:165,2
DA:166,1
DA:167,1
DA:168,3
DA:169,3
DA:170,3
DA:171,1
DA:172,1
DA:174,2
DA:177,1
DA:182,1
DA:183,3
DA:184,3
DA:185,3
DA:186,12
DA:187,4
DA:190,3
DA:193,1
DA:194,7
DA:196,4
DA:197,8
DA:200,1
DA:201,21
DA:203,2
DA:204,2
DA:207,1
DA:208,17
DA:211,1
DA:212,14
LF:131
LH:131
BRDA:40,0,0,4
BRDA:40,0,1,0
BRDA:41,1,0,4
BRDA:41,1,1,0
BRDA:51,2,0,1
BRDA:51,2,1,0
BRDA:52,3,0,1
BRDA:52,3,1,0
BRDA:62,4,0,1
BRDA:62,4,1,0
BRDA:63,5,0,1
BRDA:63,5,1,0
BRDA:74,6,0,1
BRDA:74,6,1,0
BRDA:75,7,0,1
BRDA:75,7,1,0
BRDA:93,8,0,1
BRDA:93,8,1,1
BRDA:93,8,2,1
BRDA:93,8,3,2
BRDA:109,9,0,16
BRDA:109,9,1,0
BRDA:117,10,0,1
BRDA:117,10,1,1
BRDA:117,10,2,1
BRDA:117,10,3,1
BRDA:117,10,4,1
BRDA:117,10,5,1
BRDA:117,10,6,1
BRDA:117,10,7,1
BRDA:117,10,8,1
BRDA:117,10,9,1
BRDA:117,10,10,1
BRDA:117,10,11,1
BRDA:117,10,12,1
BRDA:170,11,0,1
BRDA:170,11,1,2
BRDA:186,12,0,4
BRDA:186,12,1,8
BRDA:186,13,0,12
BRDA:186,13,1,9
BRDA:201,14,0,21
BRDA:201,14,1,7
BRF:43
BRH:34
end_of_record
